demo/manifest-merger-release-report.txt
-- Merging decision tree log ---
manifest
ADDED from AndroidManifest.xml:17:1
	package
		ADDED from AndroidManifest.xml:18:5
	android:versionName
		ADDED from AndroidManifest.xml:20:5
	android:versionCode
		ADDED from AndroidManifest.xml:19:5
		INJECTED from AndroidManifest.xml:0:0
		INJECTED from AndroidManifest.xml:0:0
	xmlns:android
		ADDED from AndroidManifest.xml:17:11
	android:theme
		ADDED from AndroidManifest.xml:21:5
uses-permission#android.permission.INTERNET
ADDED from AndroidManifest.xml:23:3
MERGED from ExoPlayer-master:library:unspecified:28:5
	android:name
		ADDED from AndroidManifest.xml:23:20
uses-permission#android.permission.ACCESS_NETWORK_STATE
ADDED from AndroidManifest.xml:24:3
MERGED from ExoPlayer-master:library:unspecified:29:5
	android:name
		ADDED from AndroidManifest.xml:24:20
uses-permission#android.permission.ACCESS_WIFI_STATE
ADDED from AndroidManifest.xml:25:3
MERGED from ExoPlayer-master:library:unspecified:30:5
	android:name
		ADDED from AndroidManifest.xml:25:20
uses-permission#android.permission.WRITE_EXTERNAL_STORAGE
ADDED from AndroidManifest.xml:26:3
MERGED from ExoPlayer-master:library:unspecified:31:5
	android:name
		ADDED from AndroidManifest.xml:26:20
uses-permission#android.permission.READ_EXTERNAL_STORAGE
ADDED from AndroidManifest.xml:27:5
	android:name
		ADDED from AndroidManifest.xml:27:22
uses-sdk
ADDED from AndroidManifest.xml:29:3
MERGED from ExoPlayer-master:library:unspecified:24:5
MERGED from ExoPlayer-master:ingrianSDKLibProj:unspecified:7:5
	android:targetSdkVersion
		ADDED from AndroidManifest.xml:29:40
		INJECTED from AndroidManifest.xml:0:0
		INJECTED from AndroidManifest.xml:0:0
	android:minSdkVersion
		ADDED from AndroidManifest.xml:29:13
		INJECTED from AndroidManifest.xml:0:0
		INJECTED from AndroidManifest.xml:0:0
application
ADDED from AndroidManifest.xml:31:3
	android:label
		ADDED from AndroidManifest.xml:32:7
	android:allowBackup
		ADDED from AndroidManifest.xml:35:7
	android:icon
		ADDED from AndroidManifest.xml:33:7
	android:largeHeap
		ADDED from AndroidManifest.xml:34:7
activity#com.google.android.exoplayer.demo.SampleChooserActivity
ADDED from AndroidManifest.xml:37:5
	android:label
		ADDED from AndroidManifest.xml:39:9
	android:configChanges
		ADDED from AndroidManifest.xml:38:9
	android:name
		ADDED from AndroidManifest.xml:37:15
intent-filter#android.intent.action.MAIN+android.intent.category.LAUNCHER
ADDED from AndroidManifest.xml:40:7
action#android.intent.action.MAIN
ADDED from AndroidManifest.xml:41:9
	android:name
		ADDED from AndroidManifest.xml:41:17
category#android.intent.category.LAUNCHER
ADDED from AndroidManifest.xml:42:9
	android:name
		ADDED from AndroidManifest.xml:42:19
activity#com.eyedeuslabs.ingrainSDK.demo.PlayerActivity
ADDED from AndroidManifest.xml:46:5
	android:label
		ADDED from AndroidManifest.xml:48:9
	android:configChanges
		ADDED from AndroidManifest.xml:47:9
	android:theme
		ADDED from AndroidManifest.xml:49:9
	android:name
		ADDED from AndroidManifest.xml:46:15